<?xml version="1.0" encoding="UTF-8"?>
<testng-results ignored="0" total="1" passed="1" failed="0" skipped="0">
  <reporter-output>
  </reporter-output>
  <suite started-at="2023-01-18T19:20:25 IST" name="Default suite" finished-at="2023-01-18T19:20:40 IST" duration-ms="14953">
    <groups>
    </groups>
    <test started-at="2023-01-18T19:20:25 IST" name="Default test" finished-at="2023-01-18T19:20:40 IST" duration-ms="14953">
      <class name="com.hyr.Tests.FirstTest">
        <test-method signature="TestGoogle()[pri:0, instance:com.hyr.Tests.FirstTest@7bd4937b]" started-at="2023-01-18T19:20:25 IST" name="TestGoogle" finished-at="2023-01-18T19:20:40 IST" duration-ms="14923" status="PASS">
          <reporter-output>
          </reporter-output>
        </test-method> <!-- TestGoogle -->
      </class> <!-- com.hyr.Tests.FirstTest -->
    </test> <!-- Default test -->
  </suite> <!-- Default suite -->
</testng-results>
